<?xml version="1.0" encoding="UTF-8"?>
<testng-results skipped="0" failed="0" ignored="0" total="1" passed="1">
  <reporter-output>
  </reporter-output>
  <suite name="Default suite" duration-ms="4236" started-at="2019-06-11T04:56:05Z" finished-at="2019-06-11T04:56:10Z">
    <groups>
    </groups>
    <test name="Default test" duration-ms="4236" started-at="2019-06-11T04:56:05Z" finished-at="2019-06-11T04:56:10Z">
      <class name="SeleniumRecordAndPlay.SeleniumTest">
        <test-method status="PASS" signature="setUp()[pri:0, instance:SeleniumRecordAndPlay.SeleniumTest@343f4d3d]" name="setUp" is-config="true" duration-ms="2139" started-at="2019-06-11T04:56:05Z" finished-at="2019-06-11T04:56:08Z">
          <reporter-output>
          </reporter-output>
        </test-method> <!-- setUp -->
        <test-method status="PASS" signature="testSelenium()[pri:0, instance:SeleniumRecordAndPlay.SeleniumTest@343f4d3d]" name="testSelenium" duration-ms="1988" started-at="2019-06-11T04:56:08Z" finished-at="2019-06-11T04:56:10Z">
          <reporter-output>
          </reporter-output>
        </test-method> <!-- testSelenium -->
        <test-method status="PASS" signature="tearDown()[pri:0, instance:SeleniumRecordAndPlay.SeleniumTest@343f4d3d]" name="tearDown" is-config="true" duration-ms="93" started-at="2019-06-11T04:56:10Z" finished-at="2019-06-11T04:56:10Z">
          <reporter-output>
          </reporter-output>
        </test-method> <!-- tearDown -->
      </class> <!-- SeleniumRecordAndPlay.SeleniumTest -->
    </test> <!-- Default test -->
  </suite> <!-- Default suite -->
</testng-results>
